<?xml version="1.0" encoding="utf-8"?><testsuites name="pytest tests"><testsuite name="pytest" errors="0" failures="1" skipped="0" tests="11" time="1.288" timestamp="2026-01-22T23:05:22.377785+00:00" hostname="agent-env-d050bf66-1528-4054-aa5b-3a21ab7ba617"><testcase classname="tests.test_propostas_modal.TestPropostasAPI" name="test_list_propostas" time="0.433" /><testcase classname="tests.test_propostas_modal.TestPropostasAPI" name="test_list_clients_for_combobox" time="0.040" /><testcase classname="tests.test_propostas_modal.TestPropostasAPI" name="test_search_clients" time="0.048" /><testcase classname="tests.test_propostas_modal.TestFlow1ExistingClient" name="test_create_proposta_with_existing_client" time="0.234" /><testcase classname="tests.test_propostas_modal.TestFlow1ExistingClient" name="test_create_proposta_with_invalid_client_id" time="0.053" /><testcase classname="tests.test_propostas_modal.TestFlow2NewClient" name="test_create_proposta_with_new_client" time="0.059"><failure message="AssertionError: Failed to create proposta: {&quot;detail&quot;:&quot;CPF inválido&quot;}&#10;assert 400 == 200&#10; +  where 400 = &lt;Response [400]&gt;.status_code">tests/test_propostas_modal.py:168: in test_create_proposta_with_new_client
    assert response.status_code == 200, f"Failed to create proposta: {response.text}"
E   AssertionError: Failed to create proposta: {"detail":"CPF inválido"}
E   assert 400 == 200
E    +  where 400 = &lt;Response [400]&gt;.status_code</failure></testcase><testcase classname="tests.test_propostas_modal.TestFlow2NewClient" name="test_create_proposta_missing_new_client_data" time="0.054" /><testcase classname="tests.test_propostas_modal.TestFlow2NewClient" name="test_create_proposta_invalid_cpf" time="0.044" /><testcase classname="tests.test_propostas_modal.TestValidation" name="test_create_proposta_missing_tipo_projeto" time="0.046" /><testcase classname="tests.test_propostas_modal.TestValidation" name="test_create_proposta_missing_instituicao" time="0.054" /><testcase classname="tests.test_propostas_modal.TestValidation" name="test_create_proposta_missing_valor" time="0.049" /></testsuite></testsuites>