<?xml version="1.0" encoding="utf-8"?><testsuites name="pytest tests"><testsuite name="pytest" errors="0" failures="0" skipped="0" tests="11" time="3.387" timestamp="2026-01-22T01:49:59.426607+00:00" hostname="agent-env-8f4f3bc4-2e7f-4a6a-a75f-c0aa36470fb2"><testcase classname="tests.test_agrolink_api.TestAuth" name="test_login_success" time="0.301" /><testcase classname="tests.test_agrolink_api.TestAuth" name="test_login_invalid_credentials" time="0.037" /><testcase classname="tests.test_agrolink_api.TestDashboard" name="test_dashboard_stats" time="0.327" /><testcase classname="tests.test_agrolink_api.TestAlerts" name="test_alerts_all_endpoint" time="0.308" /><testcase classname="tests.test_agrolink_api.TestAlerts" name="test_alerts_check_endpoint" time="0.300" /><testcase classname="tests.test_agrolink_api.TestProjects" name="test_list_active_projects" time="0.303" /><testcase classname="tests.test_agrolink_api.TestProjects" name="test_list_archived_projects" time="0.317" /><testcase classname="tests.test_agrolink_api.TestStageAdvancementBlocking" name="test_stage_advancement_blocked_with_pending_requirements" time="0.346" /><testcase classname="tests.test_agrolink_api.TestEtapas" name="test_list_etapas" time="0.320" /><testcase classname="tests.test_agrolink_api.TestClients" name="test_list_clients" time="0.325" /><testcase classname="tests.test_agrolink_api.TestDocumentsCheck" name="test_documents_check_fields" time="0.351" /></testsuite></testsuites>