<?xml version="1.0" encoding="utf-8"?><testsuites name="pytest tests"><testsuite name="pytest" errors="0" failures="0" skipped="0" tests="11" time="1.201" timestamp="2026-01-22T23:05:40.363012+00:00" hostname="agent-env-d050bf66-1528-4054-aa5b-3a21ab7ba617"><testcase classname="tests.test_propostas_modal.TestPropostasAPI" name="test_list_propostas" time="0.339" /><testcase classname="tests.test_propostas_modal.TestPropostasAPI" name="test_list_clients_for_combobox" time="0.080" /><testcase classname="tests.test_propostas_modal.TestPropostasAPI" name="test_search_clients" time="0.036" /><testcase classname="tests.test_propostas_modal.TestFlow1ExistingClient" name="test_create_proposta_with_existing_client" time="0.211" /><testcase classname="tests.test_propostas_modal.TestFlow1ExistingClient" name="test_create_proposta_with_invalid_client_id" time="0.037" /><testcase classname="tests.test_propostas_modal.TestFlow2NewClient" name="test_create_proposta_with_new_client" time="0.200" /><testcase classname="tests.test_propostas_modal.TestFlow2NewClient" name="test_create_proposta_missing_new_client_data" time="0.041" /><testcase classname="tests.test_propostas_modal.TestFlow2NewClient" name="test_create_proposta_invalid_cpf" time="0.036" /><testcase classname="tests.test_propostas_modal.TestValidation" name="test_create_proposta_missing_tipo_projeto" time="0.075" /><testcase classname="tests.test_propostas_modal.TestValidation" name="test_create_proposta_missing_instituicao" time="0.037" /><testcase classname="tests.test_propostas_modal.TestValidation" name="test_create_proposta_missing_valor" time="0.040" /></testsuite></testsuites>