<?xml version="1.0" encoding="utf-8"?><testsuites name="pytest tests"><testsuite name="pytest" errors="0" failures="1" skipped="0" tests="17" time="5.392" timestamp="2026-01-22T21:45:38.894734+00:00" hostname="agent-env-8f4f3bc4-2e7f-4a6a-a75f-c0aa36470fb2"><testcase classname="backend.tests.test_propostas_config.TestAuth" name="test_login_success" time="0.299" /><testcase classname="backend.tests.test_propostas_config.TestInstituicoesFinanceiras" name="test_list_instituicoes_financeiras" time="0.311" /><testcase classname="backend.tests.test_propostas_config.TestInstituicoesFinanceiras" name="test_list_all_instituicoes_financeiras" time="0.040" /><testcase classname="backend.tests.test_propostas_config.TestInstituicoesFinanceiras" name="test_create_instituicao_financeira" time="0.081" /><testcase classname="backend.tests.test_propostas_config.TestTiposProjeto" name="test_list_tipos_projeto" time="0.345" /><testcase classname="backend.tests.test_propostas_config.TestTiposProjeto" name="test_list_all_tipos_projeto" time="0.043" /><testcase classname="backend.tests.test_propostas_config.TestTiposProjeto" name="test_create_tipo_projeto" time="0.070" /><testcase classname="backend.tests.test_propostas_config.TestEstadosCidades" name="test_list_estados" time="0.295" /><testcase classname="backend.tests.test_propostas_config.TestEstadosCidades" name="test_list_cidades_sp" time="0.867" /><testcase classname="backend.tests.test_propostas_config.TestEstadosCidades" name="test_list_cidades_ms" time="1.717" /><testcase classname="backend.tests.test_propostas_config.TestPropostas" name="test_list_propostas" time="0.299" /><testcase classname="backend.tests.test_propostas_config.TestPropostas" name="test_list_propostas_by_status" time="0.035" /><testcase classname="backend.tests.test_propostas_config.TestPropostas" name="test_create_proposta" time="0.108" /><testcase classname="backend.tests.test_propostas_config.TestPropostas" name="test_proposta_alerts" time="0.035" /><testcase classname="backend.tests.test_propostas_config.TestPropostas" name="test_clear_all_proposta_alerts" time="0.074" /><testcase classname="backend.tests.test_propostas_config.TestClienteEstadoCidade" name="test_create_client_with_estado_cidade" time="0.307"><failure message="assert 400 == 200&#10; +  where 400 = &lt;Response [400]&gt;.status_code">backend/tests/test_propostas_config.py:336: in test_create_client_with_estado_cidade
    assert response.status_code == 200
E   assert 400 == 200
E    +  where 400 = &lt;Response [400]&gt;.status_code</failure></testcase><testcase classname="backend.tests.test_propostas_config.TestProjetoComInstituicaoTipo" name="test_project_has_instituicao_tipo" time="0.308" /></testsuite></testsuites>